guardian.co.uk 1
branch.hhs.gov 1
homestead.com 1
spotify.com 1
cdbaby.com 1
de.vu 1
answers.com 1
hostgator.com 1
bell.constantcontact.com 1
nps.gov 1
imdb.com 1
google.es 1
cbsnews.com 1
netlog.com 1
animal.admin.ch 1
scribd.com 1
smugmug.com 1
globo.com 1
who.int 1
1und1.de 1
yale.edu 1
independent.co.uk 1
blogspot.com 1
vimeo.com 1
badge.bloglovin.com 1
digg.com 1
uol.com.br 1
blinklist.com 1
census.gov 1
nymag.com 1
eventbrite.com 1
theglobeandmail.com 1
google.com 1
vkontakte.ru 1
wired.com 1
timesonline.co.uk 1
brake.weibo.com 1
delicious.com 1
airplane.pcworld.com 1
tinyurl.com 1
mashable.com 1
dagondesign.com 1
google.es 1
prnewswire.com 1
java.com 1
dagondesign.com 1
blade.indiegogo.com 1
amazonaws.com 1
wikia.com 1
virginia.edu 1
